#-----------------------------------------------------------
# Vivado v2020.1 (64-bit)
# SW Build 2902540 on Wed May 27 19:54:49 MDT 2020
# IP Build 2902112 on Wed May 27 22:43:36 MDT 2020
# Start of session at: Wed Apr 20 09:23:09 2022
# Process ID: 10472
# Current directory: D:/Documents/xkudel13/digital-electronics-1/labs/project_1 - záloha
# Command line: vivado.exe -gui_launcher_event rodinguilauncherevent8008 D:\Documents\xkudel13\digital-electronics-1\labs\project_1 - záloha\project_1.xpr
# Log file: D:/Documents/xkudel13/digital-electronics-1/labs/project_1 - záloha/vivado.log
# Journal file: D:/Documents/xkudel13/digital-electronics-1/labs/project_1 - záloha\vivado.jou
#-----------------------------------------------------------
start_gui
open_project {D:/Documents/xkudel13/digital-electronics-1/labs/project_1 - záloha/project_1.xpr}
INFO: [Project 1-313] Project file moved from 'D:/Documents/xkudel13/digital-electronics-1/labs/project_1' since last save.
Scanning sources...
Finished scanning sources
INFO: [IP_Flow 19-234] Refreshing IP repositories
INFO: [IP_Flow 19-1704] No user IP repositories specified
INFO: [IP_Flow 19-2313] Loaded Vivado IP repository 'C:/APPZ/Xilinx/Vivado/2020.1/data/ip'.
open_project: Time (s): cpu = 00:00:12 ; elapsed = 00:00:05 . Memory (MB): peak = 1022.152 ; gain = 0.000
update_compile_order -fileset sources_1
open_hw_manager
connect_hw_server -allow_non_jtag
INFO: [Labtools 27-2285] Connecting to hw_server url TCP:localhost:3121
INFO: [Labtools 27-2222] Launching hw_server...
INFO: [Labtools 27-2221] Launch Output:

****** Xilinx hw_server v2020.1
  **** Build date : May 27 2020 at 20:24:38
    ** Copyright 1986-2020 Xilinx, Inc. All Rights Reserved.


INFO: [Labtools 27-3415] Connecting to cs_server url TCP:localhost:3042
INFO: [Labtools 27-3417] Launching cs_server...
INFO: [Labtools 27-2221] Launch Output:


****** Xilinx cs_server v2020.1.0
  **** Build date : May 14 2020-03:10:29
    ** Copyright 2017-2020 Xilinx, Inc. All Rights Reserved.



connect_hw_server: Time (s): cpu = 00:00:01 ; elapsed = 00:00:07 . Memory (MB): peak = 1022.152 ; gain = 0.000
open_hw_target
INFO: [Labtoolstcl 44-466] Opening hw_target localhost:3121/xilinx_tcf/Digilent/210292AA7DE2A
set_property PROGRAM.FILE {D:/Documents/xkudel13/digital-electronics-1/labs/project_1 - záloha/project_1.runs/impl_1/top.bit} [get_hw_devices xc7a50t_0]
current_hw_device [get_hw_devices xc7a50t_0]
refresh_hw_device -update_hw_probes false [lindex [get_hw_devices xc7a50t_0] 0]
INFO: [Labtools 27-1434] Device xc7a50t (JTAG device index = 0) is programmed with a design that has no supported debug core(s) in it.
reset_run synth_1
WARNING: [Vivado 12-1017] Problems encountered:
1. Failed to delete one or more files in run directory D:/Documents/xkudel13/digital-electronics-1/labs/project_1 - záloha/project_1.runs/synth_1

launch_runs impl_1 -to_step write_bitstream -jobs 4
[Wed Apr 20 09:24:41 2022] Launched synth_1...
Run output will be captured here: D:/Documents/xkudel13/digital-electronics-1/labs/project_1 - záloha/project_1.runs/synth_1/runme.log
[Wed Apr 20 09:24:41 2022] Launched impl_1...
Run output will be captured here: D:/Documents/xkudel13/digital-electronics-1/labs/project_1 - záloha/project_1.runs/impl_1/runme.log
reset_run synth_1
WARNING: [Vivado 12-1017] Problems encountered:
1. Failed to delete one or more files in run directory D:/Documents/xkudel13/digital-electronics-1/labs/project_1 - záloha/project_1.runs/synth_1

launch_runs impl_1 -to_step write_bitstream -jobs 4
[Wed Apr 20 09:25:37 2022] Launched synth_1...
Run output will be captured here: D:/Documents/xkudel13/digital-electronics-1/labs/project_1 - záloha/project_1.runs/synth_1/runme.log
[Wed Apr 20 09:25:37 2022] Launched impl_1...
Run output will be captured here: D:/Documents/xkudel13/digital-electronics-1/labs/project_1 - záloha/project_1.runs/impl_1/runme.log
close_hw_manager
exit
INFO: [Common 17-206] Exiting Vivado at Wed Apr 20 10:52:09 2022...
