#-----------------------------------------------------------
# Vivado v2020.2 (64-bit)
# SW Build 3064766 on Wed Nov 18 09:12:45 MST 2020
# IP Build 3064653 on Wed Nov 18 14:17:31 MST 2020
# Start of session at: Wed Apr  6 20:22:14 2022
# Process ID: 16484
# Current directory: D:/VHDL/xkudel13/digital-electronics-1/labs/08-traffic_lights/traffic
# Command line: vivado.exe -gui_launcher_event rodinguilauncherevent11516 D:\VHDL\xkudel13\digital-electronics-1\labs\08-traffic_lights\traffic\traffic.xpr
# Log file: D:/VHDL/xkudel13/digital-electronics-1/labs/08-traffic_lights/traffic/vivado.log
# Journal file: D:/VHDL/xkudel13/digital-electronics-1/labs/08-traffic_lights/traffic\vivado.jou
#-----------------------------------------------------------
start_gui
open_project D:/VHDL/xkudel13/digital-electronics-1/labs/08-traffic_lights/traffic/traffic.xpr
INFO: [Project 1-313] Project file moved from 'D:/Documents/xkudel13/digital-electronics-1/labs/08-traffic_lights/traffic' since last save.
Scanning sources...
Finished scanning sources
INFO: [Project 1-230] Project 'traffic.xpr' upgraded for this version of Vivado.
INFO: [IP_Flow 19-234] Refreshing IP repositories
INFO: [IP_Flow 19-1704] No user IP repositories specified
INFO: [IP_Flow 19-2313] Loaded Vivado IP repository 'D:/Xillinx/Vivado/2020.2/data/ip'.
open_project: Time (s): cpu = 00:00:18 ; elapsed = 00:00:19 . Memory (MB): peak = 985.008 ; gain = 0.000
update_compile_order -fileset sources_1
exit
INFO: [Common 17-206] Exiting Vivado at Wed Apr  6 20:40:39 2022...
