#-----------------------------------------------------------
# Vivado v2020.1 (64-bit)
# SW Build 2902540 on Wed May 27 19:54:49 MDT 2020
# IP Build 2902112 on Wed May 27 22:43:36 MDT 2020
# Start of session at: Wed Apr 13 09:17:18 2022
# Process ID: 12200
# Current directory: D:/Documents/xkudel13/digital-electronics-1/labs/06-counter/counter
# Command line: vivado.exe -gui_launcher_event rodinguilauncherevent7392 D:\Documents\xkudel13\digital-electronics-1\labs\06-counter\counter\counter.xpr
# Log file: D:/Documents/xkudel13/digital-electronics-1/labs/06-counter/counter/vivado.log
# Journal file: D:/Documents/xkudel13/digital-electronics-1/labs/06-counter/counter\vivado.jou
#-----------------------------------------------------------
start_gui
open_project D:/Documents/xkudel13/digital-electronics-1/labs/06-counter/counter/counter.xpr
INFO: [Project 1-313] Project file moved from 'D:/VHDL/xkudel13/digital-electronics-1/labs/06-counter/counter' since last save.
Scanning sources...
Finished scanning sources
CRITICAL WARNING: [Project 1-532] XML ERROR: Project Option SimulatorGccInstallDirModelSim has no valid value
CRITICAL WARNING: [Project 1-532] XML ERROR: Project Option SimulatorGccInstallDirQuesta has no valid value
CRITICAL WARNING: [Project 1-532] XML ERROR: Project Option SimulatorGccInstallDirIES has no valid value
CRITICAL WARNING: [Project 1-532] XML ERROR: Project Option SimulatorGccInstallDirXcelium has no valid value
CRITICAL WARNING: [Project 1-532] XML ERROR: Project Option SimulatorGccInstallDirVCS has no valid value
CRITICAL WARNING: [Project 1-532] XML ERROR: Project Option SimulatorGccInstallDirRiviera has no valid value
CRITICAL WARNING: [Project 1-532] XML ERROR: Project Option SimulatorGccInstallDirActiveHdl has no valid value
WARNING: [Project 1-231] Project 'counter.xpr' was created with a future version and may or may not perform reliably with this version of Vivado. It has been opened in read-only mode for the protection of unrecognized data. Use 'File | Save Project As...' if you wish to alter a copy of the project.
INFO: [IP_Flow 19-234] Refreshing IP repositories
INFO: [IP_Flow 19-1704] No user IP repositories specified
INFO: [IP_Flow 19-2313] Loaded Vivado IP repository 'C:/APPZ/Xilinx/Vivado/2020.1/data/ip'.
update_compile_order -fileset sources_1
save_project_as project_1 D:/Documents/project_1 -force
open_hw_manager
connect_hw_server -allow_non_jtag
INFO: [Labtools 27-2285] Connecting to hw_server url TCP:localhost:3121
INFO: [Labtools 27-3415] Connecting to cs_server url TCP:localhost:3042
INFO: [Labtools 27-3414] Connected to existing cs_server.
open_hw_target
INFO: [Labtoolstcl 44-466] Opening hw_target localhost:3121/xilinx_tcf/Digilent/210292AA7DE2A
current_hw_device [get_hw_devices xc7a50t_0]
refresh_hw_device -update_hw_probes false [lindex [get_hw_devices xc7a50t_0] 0]
INFO: [Labtools 27-1434] Device xc7a50t (JTAG device index = 0) is programmed with a design that has no supported debug core(s) in it.
launch_runs impl_1 -to_step write_bitstream -jobs 4
[Wed Apr 13 09:19:03 2022] Launched synth_1...
Run output will be captured here: D:/Documents/project_1/project_1.runs/synth_1/runme.log
[Wed Apr 13 09:19:03 2022] Launched impl_1...
Run output will be captured here: D:/Documents/project_1/project_1.runs/impl_1/runme.log
exit
INFO: [Common 17-206] Exiting Vivado at Wed Apr 13 10:03:35 2022...
