#-----------------------------------------------------------
# Vivado v2020.2 (64-bit)
# SW Build 3064766 on Wed Nov 18 09:12:45 MST 2020
# IP Build 3064653 on Wed Nov 18 14:17:31 MST 2020
# Start of session at: Wed Mar 16 13:44:29 2022
# Process ID: 13704
# Current directory: D:/VHDL/xkudel13/digital-electronics-1/labs/05-ffs/flip_flops
# Command line: vivado.exe -gui_launcher_event rodinguilauncherevent18172 D:\VHDL\xkudel13\digital-electronics-1\labs\05-ffs\flip_flops\flip_flops.xpr
# Log file: D:/VHDL/xkudel13/digital-electronics-1/labs/05-ffs/flip_flops/vivado.log
# Journal file: D:/VHDL/xkudel13/digital-electronics-1/labs/05-ffs/flip_flops\vivado.jou
#-----------------------------------------------------------start_gui
exit
INFO: [Common 17-206] Exiting Vivado at Wed Mar 16 13:46:22 2022...
ps/flip_flops.xpr
INFO: [Project 1-313] Project file moved from 'D:/Documents/xkudel13/digital-electronics-1/labs/05-ffs/flip_flops' since last save.
Scanning sources...
Finished scanning sources
INFO: [Project 1-230] Project 'flip_flops.xpr' upgraded for this version of Vivado.
INFO: [IP_Flow 19-234] Refreshing IP repositories
INFO: [IP_Flow 19-1704] No user IP repositories specified
INFO: [IP_Flow 19-2313] Loaded Vivado IP repository 'D:/Xillinx/Vivado/2020.2/data/ip'.
open_project: Time (s): cpu = 00:00:16 ; elapsed = 00:00:30 . Memory (MB): peak = 980.242 ; gain = 0.000
update_compile_order -fileset sources_1
add_files -norecurse D:/VHDL/xkudel13/digital-electronics-1/labs/05-ffs/flip_flops/flip_flops.srcs/sources_1/new/t_ff_rst.vhd
update_compile_order -fileset sources_1
update_compile_order -fileset sim_1
launch_simulation
Command: launch_simulation 
INFO: [Vivado 12-5682] Launching behavioral simulation in 'D:/VHDL/xkudel13/digital-electronics-1/labs/05-ffs/flip_flops/flip_flops.sim/sim_1/behav/xsim'
INFO: [SIM-utils-51] Simulation object is 'sim_1'
INFO: [SIM-utils-54] Inspecting design source files for 'tb_ff_rst' in fileset 'sim_1'...
INFO: [USF-XSim-97] Finding global include files...
INFO: [USF-XSim-98] Fetching design files from 'sim_1'...
INFO: [USF-XSim-2] XSim::Compile design
INFO: [USF-XSim-61] Executing 'COMPILE and ANALYZE' step in 'D:/VHDL/xkudel13/digital-electronics-1/labs/05-ffs/flip_flops/flip_flops.sim/sim_1/behav/xsim'
"xvhdl --incr --relax -prj tb_ff_rst_vhdl.prj"
INFO: [VRFC 10-163] Analyzing VHDL file "D:/VHDL/xkudel13/digital-electronics-1/labs/05-ffs/flip_flops/flip_flops.srcs/sources_1/new/d_ff_rst.vhd" into library xil_defaultlib
INFO: [VRFC 10-3107] analyzing entity 'd_ff_rst'
INFO: [VRFC 10-163] Analyzing VHDL file "D:/VHDL/xkudel13/digital-electronics-1/labs/05-ffs/flip_flops/flip_flops.srcs/sim_1/new/tb_ff_rst.vhd" into library xil_defaultlib
INFO: [VRFC 10-3107] analyzing entity 'tb_ff_rst'
run_program: Time (s): cpu = 00:00:00 ; elapsed = 00:00:06 . Memory (MB): peak = 980.242 ; gain = 0.000
INFO: [USF-XSim-69] 'compile' step finished in '6' seconds
INFO: [USF-XSim-3] XSim::Elaborate design
INFO: [USF-XSim-61] Executing 'ELABORATE' step in 'D:/VHDL/xkudel13/digital-electronics-1/labs/05-ffs/flip_flops/flip_flops.sim/sim_1/behav/xsim'
"xelab -wto 437d13b080924eeb9faba2a61f559cf4 --incr --debug typical --relax --mt 2 -L xil_defaultlib -L secureip --snapshot tb_ff_rst_behav xil_defaultlib.tb_ff_rst -log elaborate.log"
Vivado Simulator 2020.2
Copyright 1986-1999, 2001-2020 Xilinx, Inc. All Rights Reserved.
Running: D:/Xillinx/Vivado/2020.2/bin/unwrapped/win64.o/xelab.exe -wto 437d13b080924eeb9faba2a61f559cf4 --incr --debug typical --relax --mt 2 -L xil_defaultlib -L secureip --snapshot tb_ff_rst_behav xil_defaultlib.tb_ff_rst -log elaborate.log 
Using 2 slave threads.
Starting static elaboration
Completed static elaboration
Starting simulation data flow analysis
Completed simulation data flow analysis
Time Resolution for simulation is 1ps
Compiling package std.standard
Compiling package std.textio
Compiling package ieee.std_logic_1164
Compiling architecture behavioral of entity xil_defaultlib.d_ff_rst [d_ff_rst_default]
Compiling architecture testbench of entity xil_defaultlib.tb_ff_rst
Built simulation snapshot tb_ff_rst_behav
run_program: Time (s): cpu = 00:00:00 ; elapsed = 00:00:10 . Memory (MB): peak = 980.242 ; gain = 0.000
INFO: [USF-XSim-69] 'elaborate' step finished in '11' seconds
INFO: [USF-XSim-4] XSim::Simulate design
INFO: [USF-XSim-61] Executing 'SIMULATE' step in 'D:/VHDL/xkudel13/digital-electronics-1/labs/05-ffs/flip_flops/flip_flops.sim/sim_1/behav/xsim'
INFO: [USF-XSim-98] *** Running xsim
   with args "tb_ff_rst_behav -key {Behavioral:sim_1:Functional:tb_ff_rst} -tclbatch {tb_ff_rst.tcl} -log {simulate.log}"
INFO: [USF-XSim-8] Loading simulator feature
Vivado Simulator 2020.2
Time resolution is 1 ps
source tb_ff_rst.tcl
# set curr_wave [current_wave_config]
# if { [string length $curr_wave] == 0 } {
#   if { [llength [get_objects]] > 0} {
#     add_wave /
#     set_property needs_save false [current_wave_config]
#   } else {
#      send_msg_id Add_Wave-1 WARNING "No top level signals found. Simulator will start without a wave window. If you want to open a wave window go to 'File->New Waveform Configuration' or type 'create_wave_config' in the TCL console."
#   }
# }
# run 1000ns
Note: Stimulus process started
Time: 0 ps  Iteration: 0  Process: /tb_ff_rst/p_stimulus  File: D:/VHDL/xkudel13/digital-electronics-1/labs/05-ffs/flip_flops/flip_flops.srcs/sim_1/new/tb_ff_rst.vhd
Note: Stimulus process finished
Time: 80 ns  Iteration: 0  Process: /tb_ff_rst/p_stimulus  File: D:/VHDL/xkudel13/digital-electronics-1/labs/05-ffs/flip_flops/flip_flops.srcs/sim_1/new/tb_ff_rst.vhd
xsim: Time (s): cpu = 00:00:08 ; elapsed = 00:00:07 . Memory (MB): peak = 980.242 ; gain = 0.000
INFO: [USF-XSim-96] XSim completed. Design snapshot 'tb_ff_rst_behav' loaded.
INFO: [USF-XSim-97] XSim simulation ran for 1000ns
launch_simulation: Time (s): cpu = 00:00:11 ; elapsed = 00:00:25 . Memory (MB): peak = 980.242 ; gain = 0.000
close_sim
INFO: [Simtcl 6-16] Simulation closed
update_compile_order -fileset sim_1
launch_simulation
Command: launch_simulation 
INFO: [Vivado 12-5682] Launching behavioral simulation in 'D:/VHDL/xkudel13/digital-electronics-1/labs/05-ffs/flip_flops/flip_flops.sim/sim_1/behav/xsim'
INFO: [SIM-utils-51] Simulation object is 'sim_1'
INFO: [SIM-utils-54] Inspecting design source files for 'tb_ff_rst' in fileset 'sim_1'...
INFO: [USF-XSim-97] Finding global include files...
INFO: [USF-XSim-98] Fetching design files from 'sim_1'...
INFO: [USF-XSim-2] XSim::Compile design
INFO: [USF-XSim-61] Executing 'COMPILE and ANALYZE' step in 'D:/VHDL/xkudel13/digital-electronics-1/labs/05-ffs/flip_flops/flip_flops.sim/sim_1/behav/xsim'
"xvhdl --incr --relax -prj tb_ff_rst_vhdl.prj"
INFO: [VRFC 10-163] Analyzing VHDL file "D:/VHDL/xkudel13/digital-electronics-1/labs/05-ffs/flip_flops/flip_flops.srcs/sources_1/new/t_ff_rst.vhd" into library xil_defaultlib
INFO: [VRFC 10-3107] analyzing entity 't_ff_rst'
INFO: [VRFC 10-163] Analyzing VHDL file "D:/VHDL/xkudel13/digital-electronics-1/labs/05-ffs/flip_flops/flip_flops.srcs/sim_1/new/tb_ff_rst.vhd" into library xil_defaultlib
INFO: [VRFC 10-3107] analyzing entity 'tb_ff_rst'
ERROR: [VRFC 10-2989] 's_t' is not declared [D:/VHDL/xkudel13/digital-electronics-1/labs/05-ffs/flip_flops/flip_flops.srcs/sim_1/new/tb_ff_rst.vhd:87]
ERROR: [VRFC 10-2989] 's_t' is not declared [D:/VHDL/xkudel13/digital-electronics-1/labs/05-ffs/flip_flops/flip_flops.srcs/sim_1/new/tb_ff_rst.vhd:88]
ERROR: [VRFC 10-3782] unit 'testbench' ignored due to previous errors [D:/VHDL/xkudel13/digital-electronics-1/labs/05-ffs/flip_flops/flip_flops.srcs/sim_1/new/tb_ff_rst.vhd:14]
INFO: [VRFC 10-3070] VHDL file 'D:/VHDL/xkudel13/digital-electronics-1/labs/05-ffs/flip_flops/flip_flops.srcs/sim_1/new/tb_ff_rst.vhd' ignored due to errors
INFO: [USF-XSim-69] 'compile' step finished in '4' seconds
INFO: [USF-XSim-99] Step results log file:'D:/VHDL/xkudel13/digital-electronics-1/labs/05-ffs/flip_flops/flip_flops.sim/sim_1/behav/xsim/xvhdl.log'
ERROR: [USF-XSim-62] 'compile' step failed with error(s). Please check the Tcl console output or 'D:/VHDL/xkudel13/digital-electronics-1/labs/05-ffs/flip_flops/flip_flops.sim/sim_1/behav/xsim/xvhdl.log' file for more information.
ERROR: [Vivado 12-4473] Detected error while running simulation. Please correct the issue and retry this operation.
ERROR: [Common 17-39] 'launch_simulation' failed due to earlier errors.
launch_simulation
Command: launch_simulation 
INFO: [Vivado 12-5682] Launching behavioral simulation in 'D:/VHDL/xkudel13/digital-electronics-1/labs/05-ffs/flip_flops/flip_flops.sim/sim_1/behav/xsim'
INFO: [SIM-utils-51] Simulation object is 'sim_1'
INFO: [SIM-utils-54] Inspecting design source files for 'tb_ff_rst' in fileset 'sim_1'...
INFO: [USF-XSim-97] Finding global include files...
INFO: [USF-XSim-98] Fetching design files from 'sim_1'...
INFO: [USF-XSim-2] XSim::Compile design
INFO: [USF-XSim-61] Executing 'COMPILE and ANALYZE' step in 'D:/VHDL/xkudel13/digital-electronics-1/labs/05-ffs/flip_flops/flip_flops.sim/sim_1/behav/xsim'
"xvhdl --incr --relax -prj tb_ff_rst_vhdl.prj"
INFO: [VRFC 10-163] Analyzing VHDL file "D:/VHDL/xkudel13/digital-electronics-1/labs/05-ffs/flip_flops/flip_flops.srcs/sources_1/new/t_ff_rst.vhd" into library xil_defaultlib
INFO: [VRFC 10-3107] analyzing entity 't_ff_rst'
INFO: [VRFC 10-163] Analyzing VHDL file "D:/VHDL/xkudel13/digital-electronics-1/labs/05-ffs/flip_flops/flip_flops.srcs/sim_1/new/tb_ff_rst.vhd" into library xil_defaultlib
INFO: [VRFC 10-3107] analyzing entity 'tb_ff_rst'
INFO: [USF-XSim-69] 'compile' step finished in '4' seconds
INFO: [USF-XSim-3] XSim::Elaborate design
INFO: [USF-XSim-61] Executing 'ELABORATE' step in 'D:/VHDL/xkudel13/digital-electronics-1/labs/05-ffs/flip_flops/flip_flops.sim/sim_1/behav/xsim'
"xelab -wto 437d13b080924eeb9faba2a61f559cf4 --incr --debug typical --relax --mt 2 -L xil_defaultlib -L secureip --snapshot tb_ff_rst_behav xil_defaultlib.tb_ff_rst -log elaborate.log"
Vivado Simulator 2020.2
Copyright 1986-1999, 2001-2020 Xilinx, Inc. All Rights Reserved.
Running: D:/Xillinx/Vivado/2020.2/bin/unwrapped/win64.o/xelab.exe -wto 437d13b080924eeb9faba2a61f559cf4 --incr --debug typical --relax --mt 2 -L xil_defaultlib -L secureip --snapshot tb_ff_rst_behav xil_defaultlib.tb_ff_rst -log elaborate.log 
Using 2 slave threads.
Starting static elaboration
Completed static elaboration
Starting simulation data flow analysis
Completed simulation data flow analysis
Time Resolution for simulation is 1ps
Compiling package std.standard
Compiling package std.textio
Compiling package ieee.std_logic_1164
Compiling architecture behavioral of entity xil_defaultlib.d_ff_rst [d_ff_rst_default]
Compiling architecture behavioral of entity xil_defaultlib.t_ff_rst [t_ff_rst_default]
Compiling architecture testbench of entity xil_defaultlib.tb_ff_rst
Built simulation snapshot tb_ff_rst_behav
run_program: Time (s): cpu = 00:00:01 ; elapsed = 00:00:05 . Memory (MB): peak = 980.242 ; gain = 0.000
INFO: [USF-XSim-69] 'elaborate' step finished in '5' seconds
INFO: [USF-XSim-4] XSim::Simulate design
INFO: [USF-XSim-61] Executing 'SIMULATE' step in 'D:/VHDL/xkudel13/digital-electronics-1/labs/05-ffs/flip_flops/flip_flops.sim/sim_1/behav/xsim'
INFO: [USF-XSim-98] *** Running xsim
   with args "tb_ff_rst_behav -key {Behavioral:sim_1:Functional:tb_ff_rst} -tclbatch {tb_ff_rst.tcl} -log {simulate.log}"
INFO: [USF-XSim-8] Loading simulator feature
Vivado Simulator 2020.2
Time resolution is 1 ps
source tb_ff_rst.tcl
# set curr_wave [current_wave_config]
# if { [string length $curr_wave] == 0 } {
#   if { [llength [get_objects]] > 0} {
#     add_wave /
#     set_property needs_save false [current_wave_config]
#   } else {
#      send_msg_id Add_Wave-1 WARNING "No top level signals found. Simulator will start without a wave window. If you want to open a wave window go to 'File->New Waveform Configuration' or type 'create_wave_config' in the TCL console."
#   }
# }
# run 1000ns
Note: Stimulus process started
Time: 0 ps  Iteration: 0  Process: /tb_ff_rst/p_stimulus  File: D:/VHDL/xkudel13/digital-electronics-1/labs/05-ffs/flip_flops/flip_flops.srcs/sim_1/new/tb_ff_rst.vhd
Note: Stimulus process finished
Time: 80 ns  Iteration: 0  Process: /tb_ff_rst/p_stimulus  File: D:/VHDL/xkudel13/digital-electronics-1/labs/05-ffs/flip_flops/flip_flops.srcs/sim_1/new/tb_ff_rst.vhd
INFO: [USF-XSim-96] XSim completed. Design snapshot 'tb_ff_rst_behav' loaded.
INFO: [USF-XSim-97] XSim simulation ran for 1000ns
launch_simulation: Time (s): cpu = 00:00:05 ; elapsed = 00:00:14 . Memory (MB): peak = 980.242 ; gain = 0.000
close_sim
INFO: [Simtcl 6-16] Simulation closed
launch_simulation
Command: launch_simulation 
INFO: [Vivado 12-5682] Launching behavioral simulation in 'D:/VHDL/xkudel13/digital-electronics-1/labs/05-ffs/flip_flops/flip_flops.sim/sim_1/behav/xsim'
INFO: [SIM-utils-51] Simulation object is 'sim_1'
INFO: [SIM-utils-54] Inspecting design source files for 'tb_ff_rst' in fileset 'sim_1'...
INFO: [USF-XSim-97] Finding global include files...
INFO: [USF-XSim-98] Fetching design files from 'sim_1'...
INFO: [USF-XSim-2] XSim::Compile design
INFO: [USF-XSim-61] Executing 'COMPILE and ANALYZE' step in 'D:/VHDL/xkudel13/digital-electronics-1/labs/05-ffs/flip_flops/flip_flops.sim/sim_1/behav/xsim'
"xvhdl --incr --relax -prj tb_ff_rst_vhdl.prj"
INFO: [VRFC 10-163] Analyzing VHDL file "D:/VHDL/xkudel13/digital-electronics-1/labs/05-ffs/flip_flops/flip_flops.srcs/sim_1/new/tb_ff_rst.vhd" into library xil_defaultlib
INFO: [VRFC 10-3107] analyzing entity 'tb_ff_rst'
ERROR: [VRFC 10-2989] 's_data' is not declared [D:/VHDL/xkudel13/digital-electronics-1/labs/05-ffs/flip_flops/flip_flops.srcs/sim_1/new/tb_ff_rst.vhd:34]
ERROR: [VRFC 10-2989] 's_data' is not declared [D:/VHDL/xkudel13/digital-electronics-1/labs/05-ffs/flip_flops/flip_flops.srcs/sim_1/new/tb_ff_rst.vhd:43]
ERROR: [VRFC 10-3782] unit 'testbench' ignored due to previous errors [D:/VHDL/xkudel13/digital-electronics-1/labs/05-ffs/flip_flops/flip_flops.srcs/sim_1/new/tb_ff_rst.vhd:14]
INFO: [VRFC 10-3070] VHDL file 'D:/VHDL/xkudel13/digital-electronics-1/labs/05-ffs/flip_flops/flip_flops.srcs/sim_1/new/tb_ff_rst.vhd' ignored due to errors
INFO: [USF-XSim-69] 'compile' step finished in '2' seconds
INFO: [USF-XSim-99] Step results log file:'D:/VHDL/xkudel13/digital-electronics-1/labs/05-ffs/flip_flops/flip_flops.sim/sim_1/behav/xsim/xvhdl.log'
ERROR: [USF-XSim-62] 'compile' step failed with error(s). Please check the Tcl console output or 'D:/VHDL/xkudel13/digital-electronics-1/labs/05-ffs/flip_flops/flip_flops.sim/sim_1/behav/xsim/xvhdl.log' file for more information.
ERROR: [Vivado 12-4473] Detected error while running simulation. Please correct the issue and retry this operation.
ERROR: [Common 17-39] 'launch_simulation' failed due to earlier errors.
launch_simulation
Command: launch_simulation 
INFO: [Vivado 12-5682] Launching behavioral simulation in 'D:/VHDL/xkudel13/digital-electronics-1/labs/05-ffs/flip_flops/flip_flops.sim/sim_1/behav/xsim'
INFO: [SIM-utils-51] Simulation object is 'sim_1'
INFO: [SIM-utils-54] Inspecting design source files for 'tb_ff_rst' in fileset 'sim_1'...
INFO: [USF-XSim-97] Finding global include files...
INFO: [USF-XSim-98] Fetching design files from 'sim_1'...
INFO: [USF-XSim-2] XSim::Compile design
INFO: [USF-XSim-61] Executing 'COMPILE and ANALYZE' step in 'D:/VHDL/xkudel13/digital-electronics-1/labs/05-ffs/flip_flops/flip_flops.sim/sim_1/behav/xsim'
"xvhdl --incr --relax -prj tb_ff_rst_vhdl.prj"
INFO: [VRFC 10-163] Analyzing VHDL file "D:/VHDL/xkudel13/digital-electronics-1/labs/05-ffs/flip_flops/flip_flops.srcs/sim_1/new/tb_ff_rst.vhd" into library xil_defaultlib
INFO: [VRFC 10-3107] analyzing entity 'tb_ff_rst'
INFO: [USF-XSim-69] 'compile' step finished in '3' seconds
INFO: [USF-XSim-3] XSim::Elaborate design
INFO: [USF-XSim-61] Executing 'ELABORATE' step in 'D:/VHDL/xkudel13/digital-electronics-1/labs/05-ffs/flip_flops/flip_flops.sim/sim_1/behav/xsim'
"xelab -wto 437d13b080924eeb9faba2a61f559cf4 --incr --debug typical --relax --mt 2 -L xil_defaultlib -L secureip --snapshot tb_ff_rst_behav xil_defaultlib.tb_ff_rst -log elaborate.log"
Vivado Simulator 2020.2
Copyright 1986-1999, 2001-2020 Xilinx, Inc. All Rights Reserved.
Running: D:/Xillinx/Vivado/2020.2/bin/unwrapped/win64.o/xelab.exe -wto 437d13b080924eeb9faba2a61f559cf4 --incr --debug typical --relax --mt 2 -L xil_defaultlib -L secureip --snapshot tb_ff_rst_behav xil_defaultlib.tb_ff_rst -log elaborate.log 
Using 2 slave threads.
Starting static elaboration
Completed static elaboration
Starting simulation data flow analysis
Completed simulation data flow analysis
Time Resolution for simulation is 1ps
Compiling package std.standard
Compiling package std.textio
Compiling package ieee.std_logic_1164
Compiling architecture behavioral of entity xil_defaultlib.t_ff_rst [t_ff_rst_default]
Compiling architecture testbench of entity xil_defaultlib.tb_ff_rst
Built simulation snapshot tb_ff_rst_behav
INFO: [USF-XSim-69] 'elaborate' step finished in '2' seconds
INFO: [USF-XSim-4] XSim::Simulate design
INFO: [USF-XSim-61] Executing 'SIMULATE' step in 'D:/VHDL/xkudel13/digital-electronics-1/labs/05-ffs/flip_flops/flip_flops.sim/sim_1/behav/xsim'
INFO: [USF-XSim-98] *** Running xsim
   with args "tb_ff_rst_behav -key {Behavioral:sim_1:Functional:tb_ff_rst} -tclbatch {tb_ff_rst.tcl} -log {simulate.log}"
INFO: [USF-XSim-8] Loading simulator feature
Vivado Simulator 2020.2
Time resolution is 1 ps
source tb_ff_rst.tcl
# set curr_wave [current_wave_config]
# if { [string length $curr_wave] == 0 } {
#   if { [llength [get_objects]] > 0} {
#     add_wave /
#     set_property needs_save false [current_wave_config]
#   } else {
#      send_msg_id Add_Wave-1 WARNING "No top level signals found. Simulator will start without a wave window. If you want to open a wave window go to 'File->New Waveform Configuration' or type 'create_wave_config' in the TCL console."
#   }
# }
# run 1000ns
Note: Stimulus process started
Time: 0 ps  Iteration: 0  Process: /tb_ff_rst/p_stimulus  File: D:/VHDL/xkudel13/digital-electronics-1/labs/05-ffs/flip_flops/flip_flops.srcs/sim_1/new/tb_ff_rst.vhd
Note: Stimulus process finished
Time: 80 ns  Iteration: 0  Process: /tb_ff_rst/p_stimulus  File: D:/VHDL/xkudel13/digital-electronics-1/labs/05-ffs/flip_flops/flip_flops.srcs/sim_1/new/tb_ff_rst.vhd
INFO: [USF-XSim-96] XSim completed. Design snapshot 'tb_ff_rst_behav' loaded.
INFO: [USF-XSim-97] XSim simulation ran for 1000ns
launch_simulation: Time (s): cpu = 00:00:05 ; elapsed = 00:00:09 . Memory (MB): peak = 980.242 ; gain = 0.000
close_sim
INFO: [Simtcl 6-16] Simulation closed
launch_simulation
Command: launch_simulation 
INFO: [Vivado 12-5682] Launching behavioral simulation in 'D:/VHDL/xkudel13/digital-electronics-1/labs/05-ffs/flip_flops/flip_flops.sim/sim_1/behav/xsim'
INFO: [SIM-utils-51] Simulation object is 'sim_1'
INFO: [SIM-utils-54] Inspecting design source files for 'tb_ff_rst' in fileset 'sim_1'...
INFO: [USF-XSim-97] Finding global include files...
INFO: [USF-XSim-98] Fetching design files from 'sim_1'...
INFO: [USF-XSim-2] XSim::Compile design
INFO: [USF-XSim-61] Executing 'COMPILE and ANALYZE' step in 'D:/VHDL/xkudel13/digital-electronics-1/labs/05-ffs/flip_flops/flip_flops.sim/sim_1/behav/xsim'
"xvhdl --incr --relax -prj tb_ff_rst_vhdl.prj"
INFO: [VRFC 10-163] Analyzing VHDL file "D:/VHDL/xkudel13/digital-electronics-1/labs/05-ffs/flip_flops/flip_flops.srcs/sim_1/new/tb_ff_rst.vhd" into library xil_defaultlib
INFO: [VRFC 10-3107] analyzing entity 'tb_ff_rst'
INFO: [USF-XSim-69] 'compile' step finished in '2' seconds
INFO: [USF-XSim-3] XSim::Elaborate design
INFO: [USF-XSim-61] Executing 'ELABORATE' step in 'D:/VHDL/xkudel13/digital-electronics-1/labs/05-ffs/flip_flops/flip_flops.sim/sim_1/behav/xsim'
"xelab -wto 437d13b080924eeb9faba2a61f559cf4 --incr --debug typical --relax --mt 2 -L xil_defaultlib -L secureip --snapshot tb_ff_rst_behav xil_defaultlib.tb_ff_rst -log elaborate.log"
Vivado Simulator 2020.2
Copyright 1986-1999, 2001-2020 Xilinx, Inc. All Rights Reserved.
Running: D:/Xillinx/Vivado/2020.2/bin/unwrapped/win64.o/xelab.exe -wto 437d13b080924eeb9faba2a61f559cf4 --incr --debug typical --relax --mt 2 -L xil_defaultlib -L secureip --snapshot tb_ff_rst_behav xil_defaultlib.tb_ff_rst -log elaborate.log 
Using 2 slave threads.
Starting static elaboration
Completed static elaboration
Starting simulation data flow analysis
Completed simulation data flow analysis
Time Resolution for simulation is 1ps
Compiling package std.standard
Compiling package std.textio
Compiling package ieee.std_logic_1164
Compiling architecture behavioral of entity xil_defaultlib.t_ff_rst [t_ff_rst_default]
Compiling architecture testbench of entity xil_defaultlib.tb_ff_rst
Built simulation snapshot tb_ff_rst_behav
INFO: [USF-XSim-69] 'elaborate' step finished in '3' seconds
INFO: [USF-XSim-4] XSim::Simulate design
INFO: [USF-XSim-61] Executing 'SIMULATE' step in 'D:/VHDL/xkudel13/digital-electronics-1/labs/05-ffs/flip_flops/flip_flops.sim/sim_1/behav/xsim'
INFO: [USF-XSim-98] *** Running xsim
   with args "tb_ff_rst_behav -key {Behavioral:sim_1:Functional:tb_ff_rst} -tclbatch {tb_ff_rst.tcl} -log {simulate.log}"
INFO: [USF-XSim-8] Loading simulator feature
Vivado Simulator 2020.2
Time resolution is 1 ps
source tb_ff_rst.tcl
# set curr_wave [current_wave_config]
# if { [string length $curr_wave] == 0 } {
#   if { [llength [get_objects]] > 0} {
#     add_wave /
#     set_property needs_save false [current_wave_config]
#   } else {
#      send_msg_id Add_Wave-1 WARNING "No top level signals found. Simulator will start without a wave window. If you want to open a wave window go to 'File->New Waveform Configuration' or type 'create_wave_config' in the TCL console."
#   }
# }
# run 1000ns
Note: Stimulus process started
Time: 0 ps  Iteration: 0  Process: /tb_ff_rst/p_stimulus  File: D:/VHDL/xkudel13/digital-electronics-1/labs/05-ffs/flip_flops/flip_flops.srcs/sim_1/new/tb_ff_rst.vhd
Note: Stimulus process finished
Time: 80 ns  Iteration: 0  Process: /tb_ff_rst/p_stimulus  File: D:/VHDL/xkudel13/digital-electronics-1/labs/05-ffs/flip_flops/flip_flops.srcs/sim_1/new/tb_ff_rst.vhd
INFO: [USF-XSim-96] XSim completed. Design snapshot 'tb_ff_rst_behav' loaded.
INFO: [USF-XSim-97] XSim simulation ran for 1000ns
launch_simulation: Time (s): cpu = 00:00:05 ; elapsed = 00:00:09 . Memory (MB): peak = 980.242 ; gain = 0.000
close_sim
INFO: [Common 17-41] Interrupt caught. Command should exit soon.
INFO: [Simtcl 6-16] Simulation closed
INFO: [Common 17-344] 'close_sim' was cancelled
launch_simulation
Command: launch_simulation 
INFO: [Vivado 12-5682] Launching behavioral simulation in 'D:/VHDL/xkudel13/digital-electronics-1/labs/05-ffs/flip_flops/flip_flops.sim/sim_1/behav/xsim'
INFO: [SIM-utils-51] Simulation object is 'sim_1'
INFO: [SIM-utils-54] Inspecting design source files for 'tb_ff_rst' in fileset 'sim_1'...
INFO: [USF-XSim-97] Finding global include files...
INFO: [USF-XSim-98] Fetching design files from 'sim_1'...
INFO: [USF-XSim-2] XSim::Compile design
INFO: [USF-XSim-61] Executing 'COMPILE and ANALYZE' step in 'D:/VHDL/xkudel13/digital-electronics-1/labs/05-ffs/flip_flops/flip_flops.sim/sim_1/behav/xsim'
"xvhdl --incr --relax -prj tb_ff_rst_vhdl.prj"
INFO: [VRFC 10-163] Analyzing VHDL file "D:/VHDL/xkudel13/digital-electronics-1/labs/05-ffs/flip_flops/flip_flops.srcs/sources_1/new/t_ff_rst.vhd" into library xil_defaultlib
INFO: [VRFC 10-3107] analyzing entity 't_ff_rst'
INFO: [VRFC 10-163] Analyzing VHDL file "D:/VHDL/xkudel13/digital-electronics-1/labs/05-ffs/flip_flops/flip_flops.srcs/sim_1/new/tb_ff_rst.vhd" into library xil_defaultlib
INFO: [VRFC 10-3107] analyzing entity 'tb_ff_rst'
INFO: [USF-XSim-69] 'compile' step finished in '2' seconds
INFO: [USF-XSim-3] XSim::Elaborate design
INFO: [USF-XSim-61] Executing 'ELABORATE' step in 'D:/VHDL/xkudel13/digital-electronics-1/labs/05-ffs/flip_flops/flip_flops.sim/sim_1/behav/xsim'
"xelab -wto 437d13b080924eeb9faba2a61f559cf4 --incr --debug typical --relax --mt 2 -L xil_defaultlib -L secureip --snapshot tb_ff_rst_behav xil_defaultlib.tb_ff_rst -log elaborate.log"
Vivado Simulator 2020.2
Copyright 1986-1999, 2001-2020 Xilinx, Inc. All Rights Reserved.
Running: D:/Xillinx/Vivado/2020.2/bin/unwrapped/win64.o/xelab.exe -wto 437d13b080924eeb9faba2a61f559cf4 --incr --debug typical --relax --mt 2 -L xil_defaultlib -L secureip --snapshot tb_ff_rst_behav xil_defaultlib.tb_ff_rst -log elaborate.log 
Using 2 slave threads.
Starting static elaboration
Completed static elaboration
Starting simulation data flow analysis
Completed simulation data flow analysis
Time Resolution for simulation is 1ps
Compiling package std.standard
Compiling package std.textio
Compiling package ieee.std_logic_1164
Compiling architecture behavioral of entity xil_defaultlib.t_ff_rst [t_ff_rst_default]
Compiling architecture testbench of entity xil_defaultlib.tb_ff_rst
Built simulation snapshot tb_ff_rst_behav
INFO: [USF-XSim-69] 'elaborate' step finished in '3' seconds
INFO: [USF-XSim-4] XSim::Simulate design
INFO: [USF-XSim-61] Executing 'SIMULATE' step in 'D:/VHDL/xkudel13/digital-electronics-1/labs/05-ffs/flip_flops/flip_flops.sim/sim_1/behav/xsim'
INFO: [USF-XSim-98] *** Running xsim
   with args "tb_ff_rst_behav -key {Behavioral:sim_1:Functional:tb_ff_rst} -tclbatch {tb_ff_rst.tcl} -log {simulate.log}"
INFO: [USF-XSim-8] Loading simulator feature
Vivado Simulator 2020.2
Time resolution is 1 ps
source tb_ff_rst.tcl
# set curr_wave [current_wave_config]
# if { [string length $curr_wave] == 0 } {
#   if { [llength [get_objects]] > 0} {
#     add_wave /
#     set_property needs_save false [current_wave_config]
#   } else {
#      send_msg_id Add_Wave-1 WARNING "No top level signals found. Simulator will start without a wave window. If you want to open a wave window go to 'File->New Waveform Configuration' or type 'create_wave_config' in the TCL console."
#   }
# }
# run 1000ns
Note: Stimulus process started
Time: 0 ps  Iteration: 0  Process: /tb_ff_rst/p_stimulus  File: D:/VHDL/xkudel13/digital-electronics-1/labs/05-ffs/flip_flops/flip_flops.srcs/sim_1/new/tb_ff_rst.vhd
Note: Stimulus process finished
Time: 80 ns  Iteration: 0  Process: /tb_ff_rst/p_stimulus  File: D:/VHDL/xkudel13/digital-electronics-1/labs/05-ffs/flip_flops/flip_flops.srcs/sim_1/new/tb_ff_rst.vhd
INFO: [USF-XSim-96] XSim completed. Design snapshot 'tb_ff_rst_behav' loaded.
INFO: [USF-XSim-97] XSim simulation ran for 1000ns
launch_simulation: Time (s): cpu = 00:00:04 ; elapsed = 00:00:08 . Memory (MB): peak = 980.242 ; gain = 0.000
close_sim
INFO: [Simtcl 6-16] Simulation closed
launch_simulation
Command: launch_simulation 
INFO: [Vivado 12-5682] Launching behavioral simulation in 'D:/VHDL/xkudel13/digital-electronics-1/labs/05-ffs/flip_flops/flip_flops.sim/sim_1/behav/xsim'
INFO: [SIM-utils-51] Simulation object is 'sim_1'
INFO: [SIM-utils-54] Inspecting design source files for 'tb_ff_rst' in fileset 'sim_1'...
INFO: [USF-XSim-97] Finding global include files...
INFO: [USF-XSim-98] Fetching design files from 'sim_1'...
INFO: [USF-XSim-2] XSim::Compile design
INFO: [USF-XSim-61] Executing 'COMPILE and ANALYZE' step in 'D:/VHDL/xkudel13/digital-electronics-1/labs/05-ffs/flip_flops/flip_flops.sim/sim_1/behav/xsim'
"xvhdl --incr --relax -prj tb_ff_rst_vhdl.prj"
INFO: [VRFC 10-163] Analyzing VHDL file "D:/VHDL/xkudel13/digital-electronics-1/labs/05-ffs/flip_flops/flip_flops.srcs/sources_1/new/t_ff_rst.vhd" into library xil_defaultlib
INFO: [VRFC 10-3107] analyzing entity 't_ff_rst'
INFO: [VRFC 10-163] Analyzing VHDL file "D:/VHDL/xkudel13/digital-electronics-1/labs/05-ffs/flip_flops/flip_flops.srcs/sim_1/new/tb_ff_rst.vhd" into library xil_defaultlib
INFO: [VRFC 10-3107] analyzing entity 'tb_ff_rst'
INFO: [USF-XSim-69] 'compile' step finished in '2' seconds
INFO: [USF-XSim-3] XSim::Elaborate design
INFO: [USF-XSim-61] Executing 'ELABORATE' step in 'D:/VHDL/xkudel13/digital-electronics-1/labs/05-ffs/flip_flops/flip_flops.sim/sim_1/behav/xsim'
"xelab -wto 437d13b080924eeb9faba2a61f559cf4 --incr --debug typical --relax --mt 2 -L xil_defaultlib -L secureip --snapshot tb_ff_rst_behav xil_defaultlib.tb_ff_rst -log elaborate.log"
Vivado Simulator 2020.2
Copyright 1986-1999, 2001-2020 Xilinx, Inc. All Rights Reserved.
Running: D:/Xillinx/Vivado/2020.2/bin/unwrapped/win64.o/xelab.exe -wto 437d13b080924eeb9faba2a61f559cf4 --incr --debug typical --relax --mt 2 -L xil_defaultlib -L secureip --snapshot tb_ff_rst_behav xil_defaultlib.tb_ff_rst -log elaborate.log 
Using 2 slave threads.
Starting static elaboration
Completed static elaboration
Starting simulation data flow analysis
Completed simulation data flow analysis
Time Resolution for simulation is 1ps
Compiling package std.standard
Compiling package std.textio
Compiling package ieee.std_logic_1164
Compiling architecture behavioral of entity xil_defaultlib.t_ff_rst [t_ff_rst_default]
Compiling architecture testbench of entity xil_defaultlib.tb_ff_rst
Built simulation snapshot tb_ff_rst_behav
INFO: [USF-XSim-69] 'elaborate' step finished in '3' seconds
INFO: [USF-XSim-4] XSim::Simulate design
INFO: [USF-XSim-61] Executing 'SIMULATE' step in 'D:/VHDL/xkudel13/digital-electronics-1/labs/05-ffs/flip_flops/flip_flops.sim/sim_1/behav/xsim'
INFO: [USF-XSim-98] *** Running xsim
   with args "tb_ff_rst_behav -key {Behavioral:sim_1:Functional:tb_ff_rst} -tclbatch {tb_ff_rst.tcl} -log {simulate.log}"
INFO: [USF-XSim-8] Loading simulator feature
Vivado Simulator 2020.2
Time resolution is 1 ps
source tb_ff_rst.tcl
# set curr_wave [current_wave_config]
# if { [string length $curr_wave] == 0 } {
#   if { [llength [get_objects]] > 0} {
#     add_wave /
#     set_property needs_save false [current_wave_config]
#   } else {
#      send_msg_id Add_Wave-1 WARNING "No top level signals found. Simulator will start without a wave window. If you want to open a wave window go to 'File->New Waveform Configuration' or type 'create_wave_config' in the TCL console."
#   }
# }
# run 1000ns
Note: Stimulus process started
Time: 0 ps  Iteration: 0  Process: /tb_ff_rst/p_stimulus  File: D:/VHDL/xkudel13/digital-electronics-1/labs/05-ffs/flip_flops/flip_flops.srcs/sim_1/new/tb_ff_rst.vhd
Note: Stimulus process finished
Time: 80 ns  Iteration: 0  Process: /tb_ff_rst/p_stimulus  File: D:/VHDL/xkudel13/digital-electronics-1/labs/05-ffs/flip_flops/flip_flops.srcs/sim_1/new/tb_ff_rst.vhd
INFO: [USF-XSim-96] XSim completed. Design snapshot 'tb_ff_rst_behav' loaded.
INFO: [USF-XSim-97] XSim simulation ran for 1000ns
launch_simulation: Time (s): cpu = 00:00:04 ; elapsed = 00:00:08 . Memory (MB): peak = 980.242 ; gain = 0.000
close_sim
INFO: [Simtcl 6-16] Simulation closed
launch_simulation
Command: launch_simulation 
INFO: [Vivado 12-5682] Launching behavioral simulation in 'D:/VHDL/xkudel13/digital-electronics-1/labs/05-ffs/flip_flops/flip_flops.sim/sim_1/behav/xsim'
INFO: [SIM-utils-51] Simulation object is 'sim_1'
INFO: [SIM-utils-54] Inspecting design source files for 'tb_ff_rst' in fileset 'sim_1'...
INFO: [USF-XSim-97] Finding global include files...
INFO: [USF-XSim-98] Fetching design files from 'sim_1'...
INFO: [USF-XSim-2] XSim::Compile design
INFO: [USF-XSim-61] Executing 'COMPILE and ANALYZE' step in 'D:/VHDL/xkudel13/digital-electronics-1/labs/05-ffs/flip_flops/flip_flops.sim/sim_1/behav/xsim'
"xvhdl --incr --relax -prj tb_ff_rst_vhdl.prj"
INFO: [VRFC 10-163] Analyzing VHDL file "D:/VHDL/xkudel13/digital-electronics-1/labs/05-ffs/flip_flops/flip_flops.srcs/sim_1/new/tb_ff_rst.vhd" into library xil_defaultlib
INFO: [VRFC 10-3107] analyzing entity 'tb_ff_rst'
INFO: [USF-XSim-69] 'compile' step finished in '2' seconds
INFO: [USF-XSim-3] XSim::Elaborate design
INFO: [USF-XSim-61] Executing 'ELABORATE' step in 'D:/VHDL/xkudel13/digital-electronics-1/labs/05-ffs/flip_flops/flip_flops.sim/sim_1/behav/xsim'
"xelab -wto 437d13b080924eeb9faba2a61f559cf4 --incr --debug typical --relax --mt 2 -L xil_defaultlib -L secureip --snapshot tb_ff_rst_behav xil_defaultlib.tb_ff_rst -log elaborate.log"
Vivado Simulator 2020.2
Copyright 1986-1999, 2001-2020 Xilinx, Inc. All Rights Reserved.
Running: D:/Xillinx/Vivado/2020.2/bin/unwrapped/win64.o/xelab.exe -wto 437d13b080924eeb9faba2a61f559cf4 --incr --debug typical --relax --mt 2 -L xil_defaultlib -L secureip --snapshot tb_ff_rst_behav xil_defaultlib.tb_ff_rst -log elaborate.log 
Using 2 slave threads.
Starting static elaboration
Completed static elaboration
Starting simulation data flow analysis
Completed simulation data flow analysis
Time Resolution for simulation is 1ps
Compiling package std.standard
Compiling package std.textio
Compiling package ieee.std_logic_1164
Compiling architecture behavioral of entity xil_defaultlib.t_ff_rst [t_ff_rst_default]
Compiling architecture testbench of entity xil_defaultlib.tb_ff_rst
Built simulation snapshot tb_ff_rst_behav
INFO: [USF-XSim-69] 'elaborate' step finished in '3' seconds
INFO: [USF-XSim-4] XSim::Simulate design
INFO: [USF-XSim-61] Executing 'SIMULATE' step in 'D:/VHDL/xkudel13/digital-electronics-1/labs/05-ffs/flip_flops/flip_flops.sim/sim_1/behav/xsim'
INFO: [USF-XSim-98] *** Running xsim
   with args "tb_ff_rst_behav -key {Behavioral:sim_1:Functional:tb_ff_rst} -tclbatch {tb_ff_rst.tcl} -log {simulate.log}"
INFO: [USF-XSim-8] Loading simulator feature
Vivado Simulator 2020.2
Time resolution is 1 ps
source tb_ff_rst.tcl
# set curr_wave [current_wave_config]
# if { [string length $curr_wave] == 0 } {
#   if { [llength [get_objects]] > 0} {
#     add_wave /
#     set_property needs_save false [current_wave_config]
#   } else {
#      send_msg_id Add_Wave-1 WARNING "No top level signals found. Simulator will start without a wave window. If you want to open a wave window go to 'File->New Waveform Configuration' or type 'create_wave_config' in the TCL console."
#   }
# }
# run 1000ns
Note: Stimulus process started
Time: 0 ps  Iteration: 0  Process: /tb_ff_rst/p_stimulus  File: D:/VHDL/xkudel13/digital-electronics-1/labs/05-ffs/flip_flops/flip_flops.srcs/sim_1/new/tb_ff_rst.vhd
Note: Stimulus process finished
Time: 80 ns  Iteration: 0  Process: /tb_ff_rst/p_stimulus  File: D:/VHDL/xkudel13/digital-electronics-1/labs/05-ffs/flip_flops/flip_flops.srcs/sim_1/new/tb_ff_rst.vhd
INFO: [USF-XSim-96] XSim completed. Design snapshot 'tb_ff_rst_behav' loaded.
INFO: [USF-XSim-97] XSim simulation ran for 1000ns
launch_simulation: Time (s): cpu = 00:00:04 ; elapsed = 00:00:08 . Memory (MB): peak = 980.242 ; gain = 0.000
close_sim
INFO: [Simtcl 6-16] Simulation closed
launch_simulation
Command: launch_simulation 
INFO: [Vivado 12-5682] Launching behavioral simulation in 'D:/VHDL/xkudel13/digital-electronics-1/labs/05-ffs/flip_flops/flip_flops.sim/sim_1/behav/xsim'
INFO: [SIM-utils-51] Simulation object is 'sim_1'
INFO: [SIM-utils-54] Inspecting design source files for 'tb_ff_rst' in fileset 'sim_1'...
INFO: [USF-XSim-97] Finding global include files...
INFO: [USF-XSim-98] Fetching design files from 'sim_1'...
INFO: [USF-XSim-2] XSim::Compile design
INFO: [USF-XSim-61] Executing 'COMPILE and ANALYZE' step in 'D:/VHDL/xkudel13/digital-electronics-1/labs/05-ffs/flip_flops/flip_flops.sim/sim_1/behav/xsim'
"xvhdl --incr --relax -prj tb_ff_rst_vhdl.prj"
INFO: [VRFC 10-163] Analyzing VHDL file "D:/VHDL/xkudel13/digital-electronics-1/labs/05-ffs/flip_flops/flip_flops.srcs/sim_1/new/tb_ff_rst.vhd" into library xil_defaultlib
INFO: [VRFC 10-3107] analyzing entity 'tb_ff_rst'
INFO: [USF-XSim-69] 'compile' step finished in '3' seconds
INFO: [USF-XSim-3] XSim::Elaborate design
INFO: [USF-XSim-61] Executing 'ELABORATE' step in 'D:/VHDL/xkudel13/digital-electronics-1/labs/05-ffs/flip_flops/flip_flops.sim/sim_1/behav/xsim'
"xelab -wto 437d13b080924eeb9faba2a61f559cf4 --incr --debug typical --relax --mt 2 -L xil_defaultlib -L secureip --snapshot tb_ff_rst_behav xil_defaultlib.tb_ff_rst -log elaborate.log"
Vivado Simulator 2020.2
Copyright 1986-1999, 2001-2020 Xilinx, Inc. All Rights Reserved.
Running: D:/Xillinx/Vivado/2020.2/bin/unwrapped/win64.o/xelab.exe -wto 437d13b080924eeb9faba2a61f559cf4 --incr --debug typical --relax --mt 2 -L xil_defaultlib -L secureip --snapshot tb_ff_rst_behav xil_defaultlib.tb_ff_rst -log elaborate.log 
Using 2 slave threads.
Starting static elaboration
Completed static elaboration
Starting simulation data flow analysis
Completed simulation data flow analysis
Time Resolution for simulation is 1ps
Compiling package std.standard
Compiling package std.textio
Compiling package ieee.std_logic_1164
Compiling architecture behavioral of entity xil_defaultlib.d_ff_rst [d_ff_rst_default]
Compiling architecture testbench of entity xil_defaultlib.tb_ff_rst
Built simulation snapshot tb_ff_rst_behav
INFO: [USF-XSim-69] 'elaborate' step finished in '2' seconds
INFO: [USF-XSim-4] XSim::Simulate design
INFO: [USF-XSim-61] Executing 'SIMULATE' step in 'D:/VHDL/xkudel13/digital-electronics-1/labs/05-ffs/flip_flops/flip_flops.sim/sim_1/behav/xsim'
INFO: [USF-XSim-98] *** Running xsim
   with args "tb_ff_rst_behav -key {Behavioral:sim_1:Functional:tb_ff_rst} -tclbatch {tb_ff_rst.tcl} -log {simulate.log}"
INFO: [USF-XSim-8] Loading simulator feature
Vivado Simulator 2020.2
Time resolution is 1 ps
source tb_ff_rst.tcl
# set curr_wave [current_wave_config]
# if { [string length $curr_wave] == 0 } {
#   if { [llength [get_objects]] > 0} {
#     add_wave /
#     set_property needs_save false [current_wave_config]
#   } else {
#      send_msg_id Add_Wave-1 WARNING "No top level signals found. Simulator will start without a wave window. If you want to open a wave window go to 'File->New Waveform Configuration' or type 'create_wave_config' in the TCL console."
#   }
# }
# run 1000ns
Note: Stimulus process started
Time: 0 ps  Iteration: 0  Process: /tb_ff_rst/p_stimulus  File: D:/VHDL/xkudel13/digital-electronics-1/labs/05-ffs/flip_flops/flip_flops.srcs/sim_1/new/tb_ff_rst.vhd
Note: Stimulus process finished
Time: 80 ns  Iteration: 0  Process: /tb_ff_rst/p_stimulus  File: D:/VHDL/xkudel13/digital-electronics-1/labs/05-ffs/flip_flops/flip_flops.srcs/sim_1/new/tb_ff_rst.vhd
INFO: [USF-XSim-96] XSim completed. Design snapshot 'tb_ff_rst_behav' loaded.
INFO: [USF-XSim-97] XSim simulation ran for 1000ns
launch_simulation: Time (s): cpu = 00:00:05 ; elapsed = 00:00:09 . Memory (MB): peak = 980.242 ; gain = 0.000
update_compile_order -fileset sim_1
close_sim
INFO: [Simtcl 6-16] Simulation closed
update_compile_order -fileset sim_1
exit
INFO: [Common 17-206] Exiting Vivado at Wed Mar 16 15:01:35 2022...
